<?xml version="1.0" encoding="UTF-8"?>
<testng-results skipped="0" failed="1" ignored="0" total="19" passed="18">
  <reporter-output>
  </reporter-output>
  <suite name="Default suite" duration-ms="82983" started-at="2019-05-10T05:58:11Z" finished-at="2019-05-10T05:59:34Z">
    <groups>
    </groups>
    <test name="Default test" duration-ms="82983" started-at="2019-05-10T05:58:11Z" finished-at="2019-05-10T05:59:34Z">
      <class name="Tests.UpdateProfileTests">
        <test-method status="PASS" signature="driverSetup()[pri:0, instance:Tests.UpdateProfileTests@14bf9759]" name="driverSetup" is-config="true" duration-ms="13838" started-at="2019-05-10T05:57:57Z" finished-at="2019-05-10T05:58:11Z">
          <reporter-output>
          </reporter-output>
        </test-method> <!-- driverSetup -->
        <test-method status="PASS" signature="driversetup()[pri:0, instance:Tests.UpdateProfileTests@14bf9759]" name="driversetup" is-config="true" duration-ms="77" started-at="2019-05-10T05:58:11Z" finished-at="2019-05-10T05:58:11Z">
          <reporter-output>
          </reporter-output>
        </test-method> <!-- driversetup -->
        <test-method status="PASS" signature="VerifyUpdatingProfilePicCancelButton()[pri:0, instance:Tests.UpdateProfileTests@14bf9759]" name="VerifyUpdatingProfilePicCancelButton" duration-ms="10421" started-at="2019-05-10T05:58:11Z" description="Verifying Updating Profile Pic  Cancel Button" finished-at="2019-05-10T05:58:21Z">
          <reporter-output>
          </reporter-output>
        </test-method> <!-- VerifyUpdatingProfilePicCancelButton -->
        <test-method status="PASS" signature="VerifyUpdatingProfilePic()[pri:1, instance:Tests.UpdateProfileTests@14bf9759]" name="VerifyUpdatingProfilePic" duration-ms="6251" started-at="2019-05-10T05:58:21Z" description="Verifying Updating Profile Pic" finished-at="2019-05-10T05:58:28Z">
          <reporter-output>
          </reporter-output>
        </test-method> <!-- VerifyUpdatingProfilePic -->
        <test-method status="PASS" signature="VerifySuccessRateDisplaying()[pri:2, instance:Tests.UpdateProfileTests@14bf9759]" name="VerifySuccessRateDisplaying" duration-ms="1064" started-at="2019-05-10T05:58:28Z" description="Verifying Success Rate Is Getting Displayed" finished-at="2019-05-10T05:58:29Z">
          <reporter-output>
          </reporter-output>
        </test-method> <!-- VerifySuccessRateDisplaying -->
        <test-method status="PASS" signature="VerifyNumberOfGamesPlayedDisplaying()[pri:3, instance:Tests.UpdateProfileTests@14bf9759]" name="VerifyNumberOfGamesPlayedDisplaying" duration-ms="39" started-at="2019-05-10T05:58:29Z" description="Verify Number Of Games Played Is Displaying " finished-at="2019-05-10T05:58:29Z">
          <reporter-output>
          </reporter-output>
        </test-method> <!-- VerifyNumberOfGamesPlayedDisplaying -->
        <test-method status="PASS" signature="VerifyMemberSinceFieldIsDisplaying()[pri:4, instance:Tests.UpdateProfileTests@14bf9759]" name="VerifyMemberSinceFieldIsDisplaying" duration-ms="43" started-at="2019-05-10T05:58:29Z" description="Verify Member Since Count Is Displaying " finished-at="2019-05-10T05:58:29Z">
          <reporter-output>
          </reporter-output>
        </test-method> <!-- VerifyMemberSinceFieldIsDisplaying -->
        <test-method status="PASS" signature="VerifyPackDetailsAreDisplaying()[pri:5, instance:Tests.UpdateProfileTests@14bf9759]" name="VerifyPackDetailsAreDisplaying" duration-ms="26" started-at="2019-05-10T05:58:29Z" description="Verify Pack Details Are Displaying" finished-at="2019-05-10T05:58:29Z">
          <reporter-output>
          </reporter-output>
        </test-method> <!-- VerifyPackDetailsAreDisplaying -->
        <test-method status="FAIL" signature="VerifyBadgesAreGettingDisplayed()[pri:6, instance:Tests.UpdateProfileTests@14bf9759]" name="VerifyBadgesAreGettingDisplayed" duration-ms="30077" started-at="2019-05-10T05:58:29Z" description="Verify Badges are getting displayed" finished-at="2019-05-10T05:58:59Z">
          <exception class="org.openqa.selenium.NoSuchElementException">
            <message>
              <![CDATA[no such element: Unable to locate element: {"method":"xpath","selector":"//*[@alt= 'badge']"}
  (Session info: chrome=73.0.3683.103)
  (Driver info: chromedriver=2.45.615291 (ec3682e3c9061c10f26ea9e5cdcf3c53f3f74387),platform=Windows NT 10.0.17134 x86_64) (WARNING: The server did not provide any stacktrace information)
Command duration or timeout: 0 milliseconds
For documentation on this error, please visit: http://seleniumhq.org/exceptions/no_such_element.html
Build info: version: '3.14.0', revision: 'aacccce0', time: '2018-08-02T20:19:58.91Z'
System info: host: 'ARMA-DEL-01', ip: '10.6.14.145', os.name: 'Windows 10', os.arch: 'amd64', os.version: '10.0', java.version: '1.8.0_201'
Driver info: org.openqa.selenium.chrome.ChromeDriver
Capabilities {acceptInsecureCerts: false, acceptSslCerts: false, applicationCacheEnabled: false, browserConnectionEnabled: false, browserName: chrome, chrome: {chromedriverVersion: 2.45.615291 (ec3682e3c9061c..., userDataDir: C:\Users\admin\AppData\Loca...}, cssSelectorsEnabled: true, databaseEnabled: false, goog:chromeOptions: {debuggerAddress: localhost:50102}, handlesAlerts: true, hasTouchScreen: false, javascriptEnabled: true, locationContextEnabled: true, mobileEmulationEnabled: false, nativeEvents: true, networkConnectionEnabled: false, pageLoadStrategy: normal, platform: XP, platformName: XP, proxy: Proxy(), rotatable: false, setWindowRect: true, strictFileInteractability: false, takesHeapSnapshot: true, takesScreenshot: true, timeouts: {implicit: 0, pageLoad: 300000, script: 30000}, unexpectedAlertBehaviour: ignore, unhandledPromptBehavior: ignore, version: 73.0.3683.103, webStorageEnabled: true}
Session ID: bb1dac81d438103f2aa5c166374b957c
*** Element info: {Using=xpath, value=//*[@alt= 'badge']}]]>
            </message>
            <full-stacktrace>
              <![CDATA[org.openqa.selenium.NoSuchElementException: no such element: Unable to locate element: {"method":"xpath","selector":"//*[@alt= 'badge']"}
  (Session info: chrome=73.0.3683.103)
  (Driver info: chromedriver=2.45.615291 (ec3682e3c9061c10f26ea9e5cdcf3c53f3f74387),platform=Windows NT 10.0.17134 x86_64) (WARNING: The server did not provide any stacktrace information)
Command duration or timeout: 0 milliseconds
For documentation on this error, please visit: http://seleniumhq.org/exceptions/no_such_element.html
Build info: version: '3.14.0', revision: 'aacccce0', time: '2018-08-02T20:19:58.91Z'
System info: host: 'ARMA-DEL-01', ip: '10.6.14.145', os.name: 'Windows 10', os.arch: 'amd64', os.version: '10.0', java.version: '1.8.0_201'
Driver info: org.openqa.selenium.chrome.ChromeDriver
Capabilities {acceptInsecureCerts: false, acceptSslCerts: false, applicationCacheEnabled: false, browserConnectionEnabled: false, browserName: chrome, chrome: {chromedriverVersion: 2.45.615291 (ec3682e3c9061c..., userDataDir: C:\Users\admin\AppData\Loca...}, cssSelectorsEnabled: true, databaseEnabled: false, goog:chromeOptions: {debuggerAddress: localhost:50102}, handlesAlerts: true, hasTouchScreen: false, javascriptEnabled: true, locationContextEnabled: true, mobileEmulationEnabled: false, nativeEvents: true, networkConnectionEnabled: false, pageLoadStrategy: normal, platform: XP, platformName: XP, proxy: Proxy(), rotatable: false, setWindowRect: true, strictFileInteractability: false, takesHeapSnapshot: true, takesScreenshot: true, timeouts: {implicit: 0, pageLoad: 300000, script: 30000}, unexpectedAlertBehaviour: ignore, unhandledPromptBehavior: ignore, version: 73.0.3683.103, webStorageEnabled: true}
Session ID: bb1dac81d438103f2aa5c166374b957c
*** Element info: {Using=xpath, value=//*[@alt= 'badge']}
at sun.reflect.NativeConstructorAccessorImpl.newInstance0(Native Method)
at sun.reflect.NativeConstructorAccessorImpl.newInstance(Unknown Source)
at sun.reflect.DelegatingConstructorAccessorImpl.newInstance(Unknown Source)
at java.lang.reflect.Constructor.newInstance(Unknown Source)
at org.openqa.selenium.remote.ErrorHandler.createThrowable(ErrorHandler.java:214)
at org.openqa.selenium.remote.ErrorHandler.throwIfResponseFailed(ErrorHandler.java:166)
at org.openqa.selenium.remote.http.JsonHttpResponseCodec.reconstructValue(JsonHttpResponseCodec.java:40)
at org.openqa.selenium.remote.http.AbstractHttpResponseCodec.decode(AbstractHttpResponseCodec.java:80)
at org.openqa.selenium.remote.http.AbstractHttpResponseCodec.decode(AbstractHttpResponseCodec.java:44)
at org.openqa.selenium.remote.HttpCommandExecutor.execute(HttpCommandExecutor.java:158)
at org.openqa.selenium.remote.service.DriverCommandExecutor.execute(DriverCommandExecutor.java:83)
at org.openqa.selenium.remote.RemoteWebDriver.execute(RemoteWebDriver.java:548)
at org.openqa.selenium.remote.RemoteWebDriver.findElement(RemoteWebDriver.java:322)
at org.openqa.selenium.remote.RemoteWebDriver.findElementByXPath(RemoteWebDriver.java:424)
at org.openqa.selenium.By$ByXPath.findElement(By.java:353)
at org.openqa.selenium.remote.RemoteWebDriver.findElement(RemoteWebDriver.java:314)
at org.openqa.selenium.support.pagefactory.DefaultElementLocator.findElement(DefaultElementLocator.java:69)
at org.openqa.selenium.support.pagefactory.internal.LocatingElementHandler.invoke(LocatingElementHandler.java:38)
at com.sun.proxy.$Proxy10.isDisplayed(Unknown Source)
at Tests.UpdateProfileTests.VerifyBadgesAreGettingDisplayed(UpdateProfileTests.java:78)
at sun.reflect.NativeMethodAccessorImpl.invoke0(Native Method)
at sun.reflect.NativeMethodAccessorImpl.invoke(Unknown Source)
at sun.reflect.DelegatingMethodAccessorImpl.invoke(Unknown Source)
at java.lang.reflect.Method.invoke(Unknown Source)
at org.testng.internal.MethodInvocationHelper.invokeMethod(MethodInvocationHelper.java:124)
at org.testng.internal.Invoker.invokeMethod(Invoker.java:583)
at org.testng.internal.Invoker.invokeTestMethod(Invoker.java:719)
at org.testng.internal.Invoker.invokeTestMethods(Invoker.java:989)
at org.testng.internal.TestMethodWorker.invokeTestMethods(TestMethodWorker.java:125)
at org.testng.internal.TestMethodWorker.run(TestMethodWorker.java:109)
at org.testng.TestRunner.privateRun(TestRunner.java:648)
at org.testng.TestRunner.run(TestRunner.java:505)
at org.testng.SuiteRunner.runTest(SuiteRunner.java:455)
at org.testng.SuiteRunner.runSequentially(SuiteRunner.java:450)
at org.testng.SuiteRunner.privateRun(SuiteRunner.java:415)
at org.testng.SuiteRunner.run(SuiteRunner.java:364)
at org.testng.SuiteRunnerWorker.runSuite(SuiteRunnerWorker.java:52)
at org.testng.SuiteRunnerWorker.run(SuiteRunnerWorker.java:84)
at org.testng.TestNG.runSuitesSequentially(TestNG.java:1208)
at org.testng.TestNG.runSuitesLocally(TestNG.java:1137)
at org.testng.TestNG.runSuites(TestNG.java:1049)
at org.testng.TestNG.run(TestNG.java:1017)
at org.testng.remote.AbstractRemoteTestNG.run(AbstractRemoteTestNG.java:115)
at org.testng.remote.RemoteTestNG.initAndRun(RemoteTestNG.java:251)
at org.testng.remote.RemoteTestNG.main(RemoteTestNG.java:77)
]]>
            </full-stacktrace>
          </exception> <!-- org.openqa.selenium.NoSuchElementException -->
          <reporter-output>
          </reporter-output>
        </test-method> <!-- VerifyBadgesAreGettingDisplayed -->
        <test-method status="PASS" signature="VerifyUpdatingCompanyDetails()[pri:7, instance:Tests.UpdateProfileTests@14bf9759]" name="VerifyUpdatingCompanyDetails" duration-ms="5696" started-at="2019-05-10T05:58:59Z" description="Verifying Updating Company Details" finished-at="2019-05-10T05:59:05Z">
          <reporter-output>
          </reporter-output>
        </test-method> <!-- VerifyUpdatingCompanyDetails -->
        <test-method status="PASS" signature="VerifyUpdatingCollegeDetailsWithMissingCollegeName()[pri:8, instance:Tests.UpdateProfileTests@14bf9759]" name="VerifyUpdatingCollegeDetailsWithMissingCollegeName" duration-ms="1590" started-at="2019-05-10T05:59:05Z" description="Verifying Updating College with Missing College Name" finished-at="2019-05-10T05:59:06Z">
          <reporter-output>
          </reporter-output>
        </test-method> <!-- VerifyUpdatingCollegeDetailsWithMissingCollegeName -->
        <test-method status="PASS" signature="VerifyUpdatingCollegeDetailsWithMissingYear()[pri:9, instance:Tests.UpdateProfileTests@14bf9759]" name="VerifyUpdatingCollegeDetailsWithMissingYear" duration-ms="6700" started-at="2019-05-10T05:59:06Z" description="Verifying Updating College with Missing Year" finished-at="2019-05-10T05:59:13Z">
          <reporter-output>
          </reporter-output>
        </test-method> <!-- VerifyUpdatingCollegeDetailsWithMissingYear -->
        <test-method status="PASS" signature="VerifyUpdatingCollegeDetailsWithInvalidYear()[pri:10, instance:Tests.UpdateProfileTests@14bf9759]" name="VerifyUpdatingCollegeDetailsWithInvalidYear" duration-ms="1769" started-at="2019-05-10T05:59:13Z" description="Verifying Updating College with Invalid Year" finished-at="2019-05-10T05:59:15Z">
          <reporter-output>
          </reporter-output>
        </test-method> <!-- VerifyUpdatingCollegeDetailsWithInvalidYear -->
        <test-method status="PASS" signature="VerifyUpdatingCollegeDetails()[pri:11, instance:Tests.UpdateProfileTests@14bf9759]" name="VerifyUpdatingCollegeDetails" duration-ms="8768" started-at="2019-05-10T05:59:15Z" description="Verifying Updating College with Valid Details" finished-at="2019-05-10T05:59:23Z">
          <reporter-output>
          </reporter-output>
        </test-method> <!-- VerifyUpdatingCollegeDetails -->
        <test-method status="PASS" signature="VerifyUpdatingPersonalDetails()[pri:12, instance:Tests.UpdateProfileTests@14bf9759]" name="VerifyUpdatingPersonalDetails" duration-ms="4730" started-at="2019-05-10T05:59:23Z" description="Verifying Updating Personal Details with Valid Details" finished-at="2019-05-10T05:59:28Z">
          <reporter-output>
          </reporter-output>
        </test-method> <!-- VerifyUpdatingPersonalDetails -->
        <test-method status="PASS" signature="VerifyUpdatingShareMyPerformanceDetailsWithNoOne()[pri:13, instance:Tests.UpdateProfileTests@14bf9759]" name="VerifyUpdatingShareMyPerformanceDetailsWithNoOne" duration-ms="612" started-at="2019-05-10T05:59:28Z" description="verify update share performance with no one" finished-at="2019-05-10T05:59:29Z">
          <reporter-output>
          </reporter-output>
        </test-method> <!-- VerifyUpdatingShareMyPerformanceDetailsWithNoOne -->
        <test-method status="PASS" signature="VerifyUpdatingShareMyPerformanceDetailsWithMyFriends()[pri:14, instance:Tests.UpdateProfileTests@14bf9759]" name="VerifyUpdatingShareMyPerformanceDetailsWithMyFriends" duration-ms="619" started-at="2019-05-10T05:59:29Z" description="verify update share performance with My Friends" finished-at="2019-05-10T05:59:29Z">
          <reporter-output>
          </reporter-output>
        </test-method> <!-- VerifyUpdatingShareMyPerformanceDetailsWithMyFriends -->
        <test-method status="PASS" signature="VerifyUpdatingShareMyPerformanceDetailsWithAllUsers()[pri:15, instance:Tests.UpdateProfileTests@14bf9759]" name="VerifyUpdatingShareMyPerformanceDetailsWithAllUsers" duration-ms="604" started-at="2019-05-10T05:59:29Z" description="verify update share performance with All User&#039;s" finished-at="2019-05-10T05:59:30Z">
          <reporter-output>
          </reporter-output>
        </test-method> <!-- VerifyUpdatingShareMyPerformanceDetailsWithAllUsers -->
        <test-method status="PASS" signature="verifyingupdatepasswordinvalidcurrentpassword()[pri:16, instance:Tests.UpdateProfileTests@14bf9759]" name="verifyingupdatepasswordinvalidcurrentpassword" duration-ms="2693" started-at="2019-05-10T05:59:30Z" description="Verifying Update Password with Incorrect Current Password" finished-at="2019-05-10T05:59:33Z">
          <reporter-output>
          </reporter-output>
        </test-method> <!-- verifyingupdatepasswordinvalidcurrentpassword -->
        <test-method status="PASS" signature="VerifyingUpdatingMismtachNewPassword()[pri:17, instance:Tests.UpdateProfileTests@14bf9759]" name="VerifyingUpdatingMismtachNewPassword" duration-ms="632" started-at="2019-05-10T05:59:33Z" description="Verifying Update password with incorrect New password and Confirm password" finished-at="2019-05-10T05:59:33Z">
          <reporter-output>
          </reporter-output>
        </test-method> <!-- VerifyingUpdatingMismtachNewPassword -->
        <test-method status="PASS" signature="VerifyingUpdatingPasswordWithSameCurrentandNewPassword()[pri:18, instance:Tests.UpdateProfileTests@14bf9759]" name="VerifyingUpdatingPasswordWithSameCurrentandNewPassword" duration-ms="501" started-at="2019-05-10T05:59:33Z" description="Verifying Update password with same current password and New password" finished-at="2019-05-10T05:59:34Z">
          <reporter-output>
          </reporter-output>
        </test-method> <!-- VerifyingUpdatingPasswordWithSameCurrentandNewPassword -->
        <test-method status="PASS" signature="quit()[pri:0, instance:Tests.UpdateProfileTests@14bf9759]" name="quit" is-config="true" duration-ms="1067" started-at="2019-05-10T05:59:34Z" finished-at="2019-05-10T05:59:35Z">
          <reporter-output>
          </reporter-output>
        </test-method> <!-- quit -->
      </class> <!-- Tests.UpdateProfileTests -->
    </test> <!-- Default test -->
  </suite> <!-- Default suite -->
</testng-results>
