<?xml version="1.0" encoding="UTF-8"?>
<testng-results skipped="0" failed="1" ignored="0" total="17" passed="16">
  <reporter-output>
  </reporter-output>
  <suite name="Eduthrill Webapp Tests" duration-ms="207580" started-at="2019-02-07T14:24:02Z" finished-at="2019-02-07T14:27:30Z">
    <groups>
    </groups>
    <test name="Smokes" duration-ms="207580" started-at="2019-02-07T14:24:02Z" finished-at="2019-02-07T14:27:30Z">
      <class name="Tests.LoginTests">
        <test-method status="PASS" signature="driverSetup()[pri:0, instance:Tests.LoginTests@3fee9989]" name="driverSetup" is-config="true" duration-ms="14752" started-at="2019-02-07T14:23:47Z" finished-at="2019-02-07T14:24:02Z">
          <reporter-output>
          </reporter-output>
        </test-method> <!-- driverSetup -->
        <test-method status="PASS" signature="driversetup()[pri:0, instance:Tests.LoginTests@3fee9989]" name="driversetup" is-config="true" duration-ms="32" started-at="2019-02-07T14:24:02Z" finished-at="2019-02-07T14:24:02Z">
          <reporter-output>
          </reporter-output>
        </test-method> <!-- driversetup -->
        <test-method status="PASS" signature="verifyLoginWithBlankCredentials()[pri:0, instance:Tests.LoginTests@3fee9989]" name="verifyLoginWithBlankCredentials" duration-ms="6322" started-at="2019-02-07T14:24:02Z" description="Logging in Eduthrill Webapp with blank credentials" finished-at="2019-02-07T14:24:08Z">
          <reporter-output>
          </reporter-output>
        </test-method> <!-- verifyLoginWithBlankCredentials -->
        <test-method status="PASS" signature="VerifyLoginWithBlankUsername()[pri:1, instance:Tests.LoginTests@3fee9989]" name="VerifyLoginWithBlankUsername" duration-ms="9634" started-at="2019-02-07T14:24:08Z" description="Logging in Eduthrill Webapp with blank Username" finished-at="2019-02-07T14:24:18Z">
          <reporter-output>
          </reporter-output>
        </test-method> <!-- VerifyLoginWithBlankUsername -->
        <test-method status="PASS" signature="VerifyLoginWithBlankPassword()[pri:2, instance:Tests.LoginTests@3fee9989]" name="VerifyLoginWithBlankPassword" duration-ms="5439" started-at="2019-02-07T14:24:18Z" description="Logging in Eduthrill Webapp with blank password" finished-at="2019-02-07T14:24:24Z">
          <reporter-output>
          </reporter-output>
        </test-method> <!-- VerifyLoginWithBlankPassword -->
        <test-method status="PASS" signature="VerifyLoginWithInvalidUsername()[pri:3, instance:Tests.LoginTests@3fee9989]" name="VerifyLoginWithInvalidUsername" duration-ms="5792" started-at="2019-02-07T14:24:24Z" description="Logging in Eduthrill Webapp with invalid username" finished-at="2019-02-07T14:24:29Z">
          <reporter-output>
          </reporter-output>
        </test-method> <!-- VerifyLoginWithInvalidUsername -->
        <test-method status="PASS" signature="VerifyLoginWithInvalidPassword()[pri:4, instance:Tests.LoginTests@3fee9989]" name="VerifyLoginWithInvalidPassword" duration-ms="5301" started-at="2019-02-07T14:24:29Z" description="Logging in Eduthrill Webapp with invalid password" finished-at="2019-02-07T14:24:35Z">
          <reporter-output>
          </reporter-output>
        </test-method> <!-- VerifyLoginWithInvalidPassword -->
        <test-method status="PASS" signature="VerifyLoginWithValidCredentials()[pri:5, instance:Tests.LoginTests@3fee9989]" name="VerifyLoginWithValidCredentials" duration-ms="7947" started-at="2019-02-07T14:24:35Z" description="Logging in Eduthrill Webapp with valid credentials" finished-at="2019-02-07T14:24:43Z">
          <reporter-output>
          </reporter-output>
        </test-method> <!-- VerifyLoginWithValidCredentials -->
        <test-method status="PASS" signature="VerifySignUpWithMissingMandatoryFields()[pri:6, instance:Tests.LoginTests@3fee9989]" name="VerifySignUpWithMissingMandatoryFields" duration-ms="6106" started-at="2019-02-07T14:24:43Z" description="SignUp in Eduthrill Webapp With Missing Mandatory Fields" finished-at="2019-02-07T14:24:49Z">
          <reporter-output>
          </reporter-output>
        </test-method> <!-- VerifySignUpWithMissingMandatoryFields -->
        <test-method status="PASS" signature="VerifySignUpWithInvalidEmailId()[pri:7, instance:Tests.LoginTests@3fee9989]" name="VerifySignUpWithInvalidEmailId" duration-ms="6213" started-at="2019-02-07T14:24:49Z" description="SignUp in Eduthrill Webapp With Invalid Email id" finished-at="2019-02-07T14:24:55Z">
          <reporter-output>
          </reporter-output>
        </test-method> <!-- VerifySignUpWithInvalidEmailId -->
        <test-method status="PASS" signature="VerifySignUpWithAlreadyRegisteredEmailId()[pri:8, instance:Tests.LoginTests@3fee9989]" name="VerifySignUpWithAlreadyRegisteredEmailId" duration-ms="6552" started-at="2019-02-07T14:24:55Z" description="SignUp in Eduthrill Webapp with Already Registered Email id" finished-at="2019-02-07T14:25:01Z">
          <reporter-output>
          </reporter-output>
        </test-method> <!-- VerifySignUpWithAlreadyRegisteredEmailId -->
        <test-method status="PASS" signature="VerifySignUpWithShortPasswordLength()[pri:9, instance:Tests.LoginTests@3fee9989]" name="VerifySignUpWithShortPasswordLength" duration-ms="6217" started-at="2019-02-07T14:25:01Z" description="SignUp in Eduthrill Webapp With Short Password Length" finished-at="2019-02-07T14:25:08Z">
          <reporter-output>
          </reporter-output>
        </test-method> <!-- VerifySignUpWithShortPasswordLength -->
        <test-method status="PASS" signature="VerifySignUpWithInvalidPhoneNumber()[pri:10, instance:Tests.LoginTests@3fee9989]" name="VerifySignUpWithInvalidPhoneNumber" duration-ms="6192" started-at="2019-02-07T14:25:08Z" description="SignUp With Invalid PhoneNumber" finished-at="2019-02-07T14:25:14Z">
          <reporter-output>
          </reporter-output>
        </test-method> <!-- VerifySignUpWithInvalidPhoneNumber -->
        <test-method status="PASS" signature="VerifySignUpWithOTPValidation()[pri:12, instance:Tests.LoginTests@3fee9989]" name="VerifySignUpWithOTPValidation" duration-ms="38732" started-at="2019-02-07T14:25:14Z" description="Verify Signing Up new user With OTP" finished-at="2019-02-07T14:25:53Z">
          <reporter-output>
          </reporter-output>
        </test-method> <!-- VerifySignUpWithOTPValidation -->
        <test-method status="PASS" signature="VerifySingUpWithResendOTP()[pri:13, instance:Tests.LoginTests@3fee9989]" name="VerifySingUpWithResendOTP" duration-ms="37943" started-at="2019-02-07T14:25:53Z" description="Verify Signing Up new user by resending OTP" finished-at="2019-02-07T14:26:31Z">
          <reporter-output>
          </reporter-output>
        </test-method> <!-- VerifySingUpWithResendOTP -->
        <test-method status="PASS" signature="VerifyForgetPasswordWithBlankEmailId()[pri:14, instance:Tests.LoginTests@3fee9989]" name="VerifyForgetPasswordWithBlankEmailId" duration-ms="9524" started-at="2019-02-07T14:26:31Z" description="Verifying Forget Password with Blank Field" finished-at="2019-02-07T14:26:40Z">
          <reporter-output>
          </reporter-output>
        </test-method> <!-- VerifyForgetPasswordWithBlankEmailId -->
        <test-method status="PASS" signature="VerifyForgetPasswordWithInvalidEmailId()[pri:15, instance:Tests.LoginTests@3fee9989]" name="VerifyForgetPasswordWithInvalidEmailId" duration-ms="9506" started-at="2019-02-07T14:26:40Z" description="Verifying Forget Password Button with Invalid Email ID" finished-at="2019-02-07T14:26:50Z">
          <reporter-output>
          </reporter-output>
        </test-method> <!-- VerifyForgetPasswordWithInvalidEmailId -->
        <test-method status="PASS" signature="VerifyForgetPasswordWithValidEmailId()[pri:16, instance:Tests.LoginTests@3fee9989]" name="VerifyForgetPasswordWithValidEmailId" duration-ms="6519" started-at="2019-02-07T14:26:50Z" description="Verifying Forget Password Button with Valid Email ID" finished-at="2019-02-07T14:26:56Z">
          <reporter-output>
          </reporter-output>
        </test-method> <!-- VerifyForgetPasswordWithValidEmailId -->
        <test-method status="FAIL" signature="VerifyForgetPasswordWithNonRegisteredEmailId()[pri:17, instance:Tests.LoginTests@3fee9989]" name="VerifyForgetPasswordWithNonRegisteredEmailId" duration-ms="33548" started-at="2019-02-07T14:26:56Z" description="Verifying Forget Password Button with Non Registered Email ID" finished-at="2019-02-07T14:27:30Z">
          <exception class="org.openqa.selenium.NoSuchElementException">
            <message>
              <![CDATA[no such element: Unable to locate element: {"method":"xpath","selector":"//*[contains(text(),'Please register first')]"}
  (Session info: chrome=71.0.3578.98)
  (Driver info: chromedriver=2.45.615291 (ec3682e3c9061c10f26ea9e5cdcf3c53f3f74387),platform=Windows NT 10.0.17134 x86_64) (WARNING: The server did not provide any stacktrace information)
Command duration or timeout: 0 milliseconds
For documentation on this error, please visit: http://seleniumhq.org/exceptions/no_such_element.html
Build info: version: '3.14.0', revision: 'aacccce0', time: '2018-08-02T20:19:58.91Z'
System info: host: 'DISR-DEL-01', ip: '192.168.1.4', os.name: 'Windows 10', os.arch: 'amd64', os.version: '10.0', java.version: '1.8.0_151'
Driver info: org.openqa.selenium.chrome.ChromeDriver
Capabilities {acceptInsecureCerts: false, acceptSslCerts: false, applicationCacheEnabled: false, browserConnectionEnabled: false, browserName: chrome, chrome: {chromedriverVersion: 2.45.615291 (ec3682e3c9061c..., userDataDir: C:\Users\divya\AppData\Loca...}, cssSelectorsEnabled: true, databaseEnabled: false, goog:chromeOptions: {debuggerAddress: localhost:60866}, handlesAlerts: true, hasTouchScreen: false, javascriptEnabled: true, locationContextEnabled: true, mobileEmulationEnabled: false, nativeEvents: true, networkConnectionEnabled: false, pageLoadStrategy: normal, platform: XP, platformName: XP, proxy: Proxy(), rotatable: false, setWindowRect: true, strictFileInteractability: false, takesHeapSnapshot: true, takesScreenshot: true, timeouts: {implicit: 0, pageLoad: 300000, script: 30000}, unexpectedAlertBehaviour: ignore, unhandledPromptBehavior: ignore, version: 71.0.3578.98, webStorageEnabled: true}
Session ID: c238b2ef4b4e83fc4fe509e3f67cd30e
*** Element info: {Using=xpath, value=//*[contains(text(),'Please register first')]}]]>
            </message>
            <full-stacktrace>
              <![CDATA[org.openqa.selenium.NoSuchElementException: no such element: Unable to locate element: {"method":"xpath","selector":"//*[contains(text(),'Please register first')]"}
  (Session info: chrome=71.0.3578.98)
  (Driver info: chromedriver=2.45.615291 (ec3682e3c9061c10f26ea9e5cdcf3c53f3f74387),platform=Windows NT 10.0.17134 x86_64) (WARNING: The server did not provide any stacktrace information)
Command duration or timeout: 0 milliseconds
For documentation on this error, please visit: http://seleniumhq.org/exceptions/no_such_element.html
Build info: version: '3.14.0', revision: 'aacccce0', time: '2018-08-02T20:19:58.91Z'
System info: host: 'DISR-DEL-01', ip: '192.168.1.4', os.name: 'Windows 10', os.arch: 'amd64', os.version: '10.0', java.version: '1.8.0_151'
Driver info: org.openqa.selenium.chrome.ChromeDriver
Capabilities {acceptInsecureCerts: false, acceptSslCerts: false, applicationCacheEnabled: false, browserConnectionEnabled: false, browserName: chrome, chrome: {chromedriverVersion: 2.45.615291 (ec3682e3c9061c..., userDataDir: C:\Users\divya\AppData\Loca...}, cssSelectorsEnabled: true, databaseEnabled: false, goog:chromeOptions: {debuggerAddress: localhost:60866}, handlesAlerts: true, hasTouchScreen: false, javascriptEnabled: true, locationContextEnabled: true, mobileEmulationEnabled: false, nativeEvents: true, networkConnectionEnabled: false, pageLoadStrategy: normal, platform: XP, platformName: XP, proxy: Proxy(), rotatable: false, setWindowRect: true, strictFileInteractability: false, takesHeapSnapshot: true, takesScreenshot: true, timeouts: {implicit: 0, pageLoad: 300000, script: 30000}, unexpectedAlertBehaviour: ignore, unhandledPromptBehavior: ignore, version: 71.0.3578.98, webStorageEnabled: true}
Session ID: c238b2ef4b4e83fc4fe509e3f67cd30e
*** Element info: {Using=xpath, value=//*[contains(text(),'Please register first')]}
at sun.reflect.NativeConstructorAccessorImpl.newInstance0(Native Method)
at sun.reflect.NativeConstructorAccessorImpl.newInstance(Unknown Source)
at sun.reflect.DelegatingConstructorAccessorImpl.newInstance(Unknown Source)
at java.lang.reflect.Constructor.newInstance(Unknown Source)
at org.openqa.selenium.remote.ErrorHandler.createThrowable(ErrorHandler.java:214)
at org.openqa.selenium.remote.ErrorHandler.throwIfResponseFailed(ErrorHandler.java:166)
at org.openqa.selenium.remote.http.JsonHttpResponseCodec.reconstructValue(JsonHttpResponseCodec.java:40)
at org.openqa.selenium.remote.http.AbstractHttpResponseCodec.decode(AbstractHttpResponseCodec.java:80)
at org.openqa.selenium.remote.http.AbstractHttpResponseCodec.decode(AbstractHttpResponseCodec.java:44)
at org.openqa.selenium.remote.HttpCommandExecutor.execute(HttpCommandExecutor.java:158)
at org.openqa.selenium.remote.service.DriverCommandExecutor.execute(DriverCommandExecutor.java:83)
at org.openqa.selenium.remote.RemoteWebDriver.execute(RemoteWebDriver.java:548)
at org.openqa.selenium.remote.RemoteWebDriver.findElement(RemoteWebDriver.java:322)
at org.openqa.selenium.remote.RemoteWebDriver.findElementByXPath(RemoteWebDriver.java:424)
at org.openqa.selenium.By$ByXPath.findElement(By.java:353)
at org.openqa.selenium.remote.RemoteWebDriver.findElement(RemoteWebDriver.java:314)
at org.openqa.selenium.support.pagefactory.DefaultElementLocator.findElement(DefaultElementLocator.java:69)
at org.openqa.selenium.support.pagefactory.internal.LocatingElementHandler.invoke(LocatingElementHandler.java:38)
at com.sun.proxy.$Proxy10.getText(Unknown Source)
at pages.LoginPage.registerfirst(LoginPage.java:144)
at Tests.LoginTests.VerifyForgetPasswordWithNonRegisteredEmailId(LoginTests.java:194)
at sun.reflect.NativeMethodAccessorImpl.invoke0(Native Method)
at sun.reflect.NativeMethodAccessorImpl.invoke(Unknown Source)
at sun.reflect.DelegatingMethodAccessorImpl.invoke(Unknown Source)
at java.lang.reflect.Method.invoke(Unknown Source)
at org.testng.internal.MethodInvocationHelper.invokeMethod(MethodInvocationHelper.java:124)
at org.testng.internal.Invoker.invokeMethod(Invoker.java:583)
at org.testng.internal.Invoker.invokeTestMethod(Invoker.java:719)
at org.testng.internal.Invoker.invokeTestMethods(Invoker.java:989)
at org.testng.internal.TestMethodWorker.invokeTestMethods(TestMethodWorker.java:125)
at org.testng.internal.TestMethodWorker.run(TestMethodWorker.java:109)
at org.testng.TestRunner.privateRun(TestRunner.java:648)
at org.testng.TestRunner.run(TestRunner.java:505)
at org.testng.SuiteRunner.runTest(SuiteRunner.java:455)
at org.testng.SuiteRunner.runSequentially(SuiteRunner.java:450)
at org.testng.SuiteRunner.privateRun(SuiteRunner.java:415)
at org.testng.SuiteRunner.run(SuiteRunner.java:364)
at org.testng.SuiteRunnerWorker.runSuite(SuiteRunnerWorker.java:52)
at org.testng.SuiteRunnerWorker.run(SuiteRunnerWorker.java:84)
at org.testng.TestNG.runSuitesSequentially(TestNG.java:1208)
at org.testng.TestNG.runSuitesLocally(TestNG.java:1137)
at org.testng.TestNG.runSuites(TestNG.java:1049)
at org.testng.TestNG.run(TestNG.java:1017)
at org.testng.remote.AbstractRemoteTestNG.run(AbstractRemoteTestNG.java:114)
at org.testng.remote.RemoteTestNG.initAndRun(RemoteTestNG.java:251)
at org.testng.remote.RemoteTestNG.main(RemoteTestNG.java:77)
]]>
            </full-stacktrace>
          </exception> <!-- org.openqa.selenium.NoSuchElementException -->
          <reporter-output>
          </reporter-output>
        </test-method> <!-- VerifyForgetPasswordWithNonRegisteredEmailId -->
        <test-method status="PASS" signature="quit()[pri:0, instance:Tests.LoginTests@3fee9989]" name="quit" is-config="true" duration-ms="677" started-at="2019-02-07T14:27:30Z" finished-at="2019-02-07T14:27:30Z">
          <reporter-output>
          </reporter-output>
        </test-method> <!-- quit -->
      </class> <!-- Tests.LoginTests -->
    </test> <!-- Smokes -->
  </suite> <!-- Eduthrill Webapp Tests -->
</testng-results>
